<?xml version="1.0" encoding="UTF-8"?>
<!-- Generated by org.testng.reporters.JUnitXMLReporter -->
<testsuite ignored="0" hostname="DESKTOP-6USQ61I" failures="1" tests="3" name="chrometest" time="11.62" errors="0" timestamp="2024-06-19T11:57:08 IST">
  <testcase classname="Assertations.ParamTest" name="testLogo" time="1.222">
    <failure type="java.lang.AssertionError" message="expected [true] but found [false]">
      <![CDATA[java.lang.AssertionError: expected [true] but found [false]
at Assertations.ParamTest.testLogo(ParamTest.java:45)
at java.base/java.util.ArrayList.forEach(ArrayList.java:1511)
... Removed 29 stack frames]]>
    </failure>
  </testcase> <!-- testLogo -->
  <testcase classname="Assertations.ParamTest" name="testTitle" time="0.035"/>
  <testcase classname="Assertations.ParamTest" name="testURL" time="0.05"/>
</testsuite> <!-- chrometest -->
