<?xml version="1.0" encoding="UTF-8"?>
<!-- Generated by org.testng.reporters.JUnitXMLReporter -->
<testsuite ignored="0" hostname="DESKTOP-6USQ61I" failures="1" tests="3" name="Test" time="13.339" errors="0" timestamp="2024-06-19T19:13:25 IST">
  <testcase classname="ListnersDemo.OrangeHRM" name="testLogo" time="0.281"/>
  <testcase classname="ListnersDemo.OrangeHRM" name="testAppUrl" time="0.035">
    <failure type="java.lang.AssertionError" message="expected [https://opensource-demo.orangehrmlive.com/] but found [https://opensource-demo.orangehrmlive.com/web/index.php/auth/login]">
      <![CDATA[java.lang.AssertionError: expected [https://opensource-demo.orangehrmlive.com/] but found [https://opensource-demo.orangehrmlive.com/web/index.php/auth/login]
at ListnersDemo.OrangeHRM.testAppUrl(OrangeHRM.java:43)
at java.base/java.util.ArrayList.forEach(ArrayList.java:1511)
... Removed 31 stack frames]]>
    </failure>
  </testcase> <!-- testAppUrl -->
  <testcase classname="ListnersDemo.OrangeHRM" name="testHomePageTitle" time="0.001">
    <skipped/>
  </testcase> <!-- testHomePageTitle -->
</testsuite> <!-- Test -->
